  main.cpp
C:\Users\chltk\source\repos\ShootBallBfs\ShootBallBfs\main.cpp(23,21): warning C4018: '<': signed 또는 unsigned가 일치하지 않습니다.
C:\Users\chltk\source\repos\ShootBallBfs\ShootBallBfs\main.cpp(76,17): warning C4244: '초기화 중': 'double'에서 'int'(으)로 변환하면서 데이터가 손실될 수 있습니다.
C:\Users\chltk\source\repos\ShootBallBfs\ShootBallBfs\main.cpp(77,17): warning C4244: '초기화 중': 'double'에서 'int'(으)로 변환하면서 데이터가 손실될 수 있습니다.
C:\Users\chltk\source\repos\ShootBallBfs\ShootBallBfs\main.cpp(126,22): warning C4018: '<': signed 또는 unsigned가 일치하지 않습니다.
C:\Users\chltk\source\repos\ShootBallBfs\ShootBallBfs\main.cpp(162,15): warning C4244: '초기화 중': 'double'에서 'int'(으)로 변환하면서 데이터가 손실될 수 있습니다.
C:\Users\chltk\source\repos\ShootBallBfs\ShootBallBfs\main.cpp(163,21): warning C4018: '<': signed 또는 unsigned가 일치하지 않습니다.
C:\Users\chltk\source\repos\ShootBallBfs\ShootBallBfs\main.cpp(183,22): warning C4018: '<': signed 또는 unsigned가 일치하지 않습니다.
C:\Users\chltk\source\repos\ShootBallBfs\ShootBallBfs\main.cpp(273,21): warning C4018: '<': signed 또는 unsigned가 일치하지 않습니다.
E:\visual_studio_2019\VC\Tools\MSVC\14.29.30133\include\utility(186,16): warning C4244: '초기화 중': '_Ty'에서 '_Ty1'(으)로 변환하면서 데이터가 손실될 수 있습니다.
          with
          [
              _Ty=double
          ]
          and
          [
              _Ty1=int
          ]
C:\Users\chltk\source\repos\ShootBallBfs\ShootBallBfs\main.cpp(253): message : 컴파일되는 함수 템플릿 인스턴스화 'std::pair<int,int>::pair<double,double,0>(_Other1 &&,_Other2 &&) noexcept'에 대한 참조를 확인하세요.
          with
          [
              _Other1=double,
              _Other2=double
          ]
C:\Users\chltk\source\repos\ShootBallBfs\ShootBallBfs\main.cpp(253): message : 컴파일되는 함수 템플릿 인스턴스화 'std::pair<int,int>::pair<double,double,0>(_Other1 &&,_Other2 &&) noexcept'에 대한 참조를 확인하세요.
          with
          [
              _Other1=double,
              _Other2=double
          ]
E:\visual_studio_2019\VC\Tools\MSVC\14.29.30133\include\utility(186,54): warning C4244: '초기화 중': '_Ty'에서 '_Ty2'(으)로 변환하면서 데이터가 손실될 수 있습니다.
          with
          [
              _Ty=double
          ]
          and
          [
              _Ty2=int
          ]
  코드를 생성하고 있습니다.
  37 of 776 functions ( 4.8%) were compiled, the rest were copied from previous compilation.
    0 functions were new in current compilation
    14 functions had inline decision re-evaluated but remain unchanged
  코드를 생성했습니다.
  ShootBallBfs.vcxproj -> C:\Users\chltk\source\repos\ShootBallBfs\Release\ShootBallBfs.exe
